20230130	21:57:37	7fef4eef-4c9b-441e-a739-a382916ba1c3	GET	/	undefined
20230130	21:57:37	74c63050-9d1f-41d1-8f28-32136482b490	GET	/css/style.css	undefined
20230130	22:08:57	e677ff46-0704-4495-ac36-b3d30a07cd87	OPTIONS	/	https://blocked.freedom.to
20230130	22:08:57	7893a1d9-3350-4adf-99db-3040384ace8a	GET	/	https://blocked.freedom.to
20230130	22:10:00	2ac22559-30a1-4d65-bf19-7a37aa32453d	OPTIONS	/	https://blocked.freedom.to
20230130	22:10:00	3d3269e0-32c5-42c4-9a5d-ecef981c94e5	GET	/	https://blocked.freedom.to
20230130	22:17:39	038a21aa-3e36-4afd-a3f0-d4e1c35aab35	OPTIONS	/	https://blocked.freedom.to
20230130	22:17:39	99333f8a-8fdf-477b-bdd1-dfec969738fb	GET	/	https://blocked.freedom.to
20230130	22:20:33	5923bea4-547a-43c7-bd36-8e68f3d67124	OPTIONS	/	https://blocked.freedom.to
20230130	22:20:33	46a98c94-dde4-430f-b196-4c3921d3e2bb	GET	/	https://blocked.freedom.to
20230130	22:21:21	38e7fd69-cae8-4d82-ae2b-50172c36bb7e	OPTIONS	/	https://www.upwork.com
20230130	22:21:21	88210030-c809-455b-9b88-c6f41d602719	GET	/	https://www.upwork.com
20230130	22:58:06	f3da1220-8475-4eb8-93ac-726700ae9bca	OPTIONS	/	https://www.upwork.com
20230130	22:58:06	56efd362-a860-4586-9766-2705a8329b33	GET	/	https://www.upwork.com
20230130	22:59:33	6c307b00-69a8-463f-a51d-847b05c93a8b	OPTIONS	/	https://www.upwork.com
20230130	22:59:33	8b8db62c-d11b-4bd4-8681-9824e34fa05c	GET	/	https://www.upwork.com
20230130	22:59:51	862c1696-8f76-45c1-a866-4c082add5075	OPTIONS	/	https://www.upwork.com
20230130	22:59:51	b6b5b458-3191-42ca-844e-892dcc0518dd	GET	/	https://www.upwork.com
20230130	23:00:07	065f5f96-29e1-4034-a584-4cb969f27ea9	OPTIONS	/	https://www.upwork.com
20230130	23:00:07	1b2034d8-9273-409b-bad3-9e7e89b790bd	GET	/	https://www.upwork.com
20230130	23:03:56	963f1536-8a4f-46d1-a045-fb1c747f0d79	OPTIONS	/	https://www.upwork.com
20230130	23:03:56	b820c3e8-3d57-44ff-8980-0398d22cf1ef	GET	/	https://www.upwork.com
20230130	23:04:34	3d636c53-d5ea-4963-a26d-f32c34ab8cf6	OPTIONS	/	https://www.upwork.com
20230130	23:04:34	959afabd-d51e-444c-8739-88e7e56d3f5a	GET	/	https://www.upwork.com
20230130	23:06:04	09af4b1c-94df-4ec2-ae85-615594e11584	OPTIONS	/	https://blocked.freedom.to
20230130	23:06:04	34cdbfc9-4c5d-4a8c-9e1a-63b8e16d2264	GET	/	https://blocked.freedom.to
20230130	23:06:30	f8615160-c121-4b10-8f11-dffec5688b12	OPTIONS	/	https://blocked.freedom.to
20230130	23:06:30	f14ed3f6-b80a-4cad-98ad-09ef75803bac	GET	/	https://blocked.freedom.to
20230131	19:05:41	02f84b82-71e5-4ec3-a668-b293cfba2cec	GET	/	undefined
20230131	19:05:41	092256db-2aeb-4333-b86a-b07b836dfbf5	GET	/css/style.css	undefined
20230131	19:06:12	d9d770dc-0e9e-4b09-96df-6ac0bf09140b	GET	/css/style.css	undefined
20230131	20:38:07	c811a241-3b0f-46c8-9d29-ed003fc0a435	GET	/	undefined
20230131	20:38:07	5f374600-f130-4ee8-b579-9586a1ad6c30	GET	/css/style.css	undefined
20230131	20:38:08	035b763b-eabd-4a20-a530-f5ca193f85fd	GET	/favicon.ico	undefined
20230131	20:41:40	6d65353b-5ac3-485c-9929-1b4ba7ed3b89	GET	/	undefined
20230131	20:41:40	607e9d0a-4815-4c21-980e-d7df28b8d47e	GET	/css/style.css	undefined
20230131	20:41:49	ed109dbc-95e3-4a73-a3b7-39ad0b96d93b	GET	/	undefined
20230131	20:41:49	77750adf-5e91-4b68-a40d-3eaeb7647c9e	GET	/css/style.css	undefined
20230131	20:41:50	e0c63e71-6c5a-4015-a15e-7cc85482ead9	GET	/	undefined
20230131	20:41:50	b7201cc8-3c69-4adc-85ae-0d1930d2875d	GET	/css/style.css	undefined
20230131	21:19:35	0be1da03-8899-4705-8429-8c54d46bf484	GET	/	undefined
20230131	21:19:35	b08e90df-4c09-4e01-bd67-95343bf2d14e	GET	/css/style.css	undefined
20230131	21:19:36	5a427af6-610f-426f-877c-55363bec44ac	GET	/favicon.ico	undefined
